<?xml version="1.0" encoding="UTF-8"?>
<!-- Generated by org.testng.reporters.JUnitXMLReporter -->
<testsuite ignored="4" hostname="Lakshmi_Mukund" failures="0" tests="1" name="Default test" time="14.587" errors="0" timestamp="2023-10-30T16:06:03 CDT">
  <testcase classname="com.test.script.SalesForceUserMenuScript" name="selectMySettings" time="11.471"/>
  <testcase classname="com.test.script.SalesForceUserMenuScript" name="selectProfileTest" time="0.0">
    <ignored/>
  </testcase> <!-- selectProfileTest -->
  <testcase classname="com.test.script.SalesForceUserMenuScript" name="selectUserMenuDropDown" time="0.0">
    <ignored/>
  </testcase> <!-- selectUserMenuDropDown -->
  <testcase classname="com.test.script.SalesForceUserMenuScript" name="selectUserMenuLogout" time="0.0">
    <ignored/>
  </testcase> <!-- selectUserMenuLogout -->
  <testcase classname="com.test.script.SalesForceUserMenuScript" name="selectDeveloperConsole" time="0.0">
    <ignored/>
  </testcase> <!-- selectDeveloperConsole -->
</testsuite> <!-- Default test -->
