<?xml version="1.0" encoding="UTF-8"?>
<testng-results ignored="4" total="5" passed="1" failed="0" skipped="0">
  <reporter-output>
  </reporter-output>
  <suite started-at="2023-10-30T16:05:48 CDT" name="Default suite" finished-at="2023-10-30T16:06:03 CDT" duration-ms="14587">
    <groups>
    </groups>
    <test started-at="2023-10-30T16:05:48 CDT" name="Default test" finished-at="2023-10-30T16:06:03 CDT" duration-ms="14587">
      <class name="com.test.script.SalesForceUserMenuScript">
        <test-method is-config="true" signature="setupBeforeTest()[pri:0, instance:com.test.script.SalesForceUserMenuScript@942a29c]" started-at="2023-10-30T16:05:48 CDT" name="setupBeforeTest" finished-at="2023-10-30T16:05:49 CDT" duration-ms="541" status="PASS">
          <reporter-output>
          </reporter-output>
        </test-method> <!-- setupBeforeTest -->
        <test-method is-config="true" signature="setUpBeforeTestMethod(java.lang.String)[pri:0, instance:com.test.script.SalesForceUserMenuScript@942a29c]" started-at="2023-10-30T16:05:49 CDT" name="setUpBeforeTestMethod" finished-at="2023-10-30T16:05:51 CDT" duration-ms="2534" status="PASS">
          <params>
            <param index="0">
              <value>
                <![CDATA[chrome]]>
              </value>
            </param>
          </params>
          <reporter-output>
          </reporter-output>
        </test-method> <!-- setUpBeforeTestMethod -->
        <test-method signature="selectMySettings()[pri:0, instance:com.test.script.SalesForceUserMenuScript@942a29c]" started-at="2023-10-30T16:05:51 CDT" name="selectMySettings" finished-at="2023-10-30T16:06:03 CDT" duration-ms="11471" status="PASS">
          <reporter-output>
          </reporter-output>
        </test-method> <!-- selectMySettings -->
        <test-method is-config="true" signature="tearDownAfterTestMethod()[pri:0, instance:com.test.script.SalesForceUserMenuScript@942a29c]" started-at="2023-10-30T16:06:03 CDT" name="tearDownAfterTestMethod" finished-at="2023-10-30T16:06:03 CDT" duration-ms="0" status="PASS">
          <reporter-output>
          </reporter-output>
        </test-method> <!-- tearDownAfterTestMethod -->
      </class> <!-- com.test.script.SalesForceUserMenuScript -->
    </test> <!-- Default test -->
  </suite> <!-- Default suite -->
</testng-results>
